2013-03-09T23:16:00 Checking update-file '/usr/share/kde4/apps/kconf_update/kcookiescfg.upd' for new updates
2013-03-09T23:16:00 kcookiescfg.upd: Found new update 'kde2.2/b1'
2013-03-09T23:16:00 kcookiescfg.upd: File 'kcookiejarrc' does not exist or empty, skipping
2013-03-09T23:16:00 kcookiescfg.upd: Found new update 'kde3.1/cvs'
2013-03-09T23:16:00 kcookiescfg.upd: File 'kcookiejarrc' does not exist or empty, skipping
2013-03-09T23:16:00 Checking update-file '/usr/share/kde4/apps/kconf_update/kate-2.4.upd' for new updates
2013-03-09T23:16:00 kate-2.4.upd: Found new update 'kate2.4'
2013-03-09T23:16:00 Checking update-file '/usr/share/kde4/apps/kconf_update/kded.upd' for new updates
2013-03-09T23:16:00 kded.upd: Found new update 'kde3.0'
2013-03-09T23:16:00 kded.upd: File 'kdedrc' does not exist or empty, skipping
2013-03-09T23:16:00 Checking update-file '/usr/share/kde4/apps/kconf_update/kuriikwsfilter.upd' for new updates
2013-03-09T23:16:00 kuriikwsfilter.upd: Found new update 'post-kde3.1/cvs'
2013-03-09T23:16:00 kuriikwsfilter.upd: File 'kuriikwsfilterrc' does not exist or empty, skipping
2013-03-09T23:16:00 kuriikwsfilter.upd: Found new update 'pre-kde4.9'
2013-03-09T23:16:00 kuriikwsfilter.upd: File 'kuriikwsfilterrc' does not exist or empty, skipping
2013-03-09T23:16:00 Checking update-file '/usr/share/kde4/apps/kconf_update/devicepreference.upd' for new updates
2013-03-09T23:16:00 devicepreference.upd: Found new update 'DevicesMovedToPlatformPlugin'
2013-03-09T23:16:00 devicepreference.upd: Running script 'phonon_devicepreference_update'
2013-03-09T23:16:00 devicepreference.upd: Found new update 'DevicesUIDsChanged'
2013-03-09T23:16:00 devicepreference.upd: Running script 'phonon_deviceuids_update'
2013-03-09T23:16:00 Checking update-file '/usr/share/kde4/apps/kconf_update/kioslave.upd' for new updates
2013-03-09T23:16:00 kioslave.upd: Found new update 'kde2.2/r1'
2013-03-09T23:16:00 kioslave.upd: File 'kioslaverc' does not exist or empty, skipping
2013-03-09T23:16:00 kioslave.upd: Skipping update 'kde2.2/r1'
2013-03-09T23:16:00 kioslave.upd: File 'kioslaverc' does not exist or empty, skipping
2013-03-09T23:16:00 kioslave.upd: Found new update 'kde2.2/r2'
2013-03-09T23:16:00 kioslave.upd: File 'kioslaverc' does not exist or empty, skipping
2013-03-09T23:16:00 kioslave.upd: Found new update 'kde2.2/r3'
2013-03-09T23:16:00 kioslave.upd: File 'kioslaverc' does not exist or empty, skipping
2013-03-09T23:16:00 Checking update-file '/usr/share/kde4/apps/kconf_update/ksslcertificatemanager.upd' for new updates
2013-03-09T23:16:00 ksslcertificatemanager.upd: Found new update 'kde4.2'
2013-03-09T23:16:00 ksslcertificatemanager.upd: Running script 'ksslcertificatemanager.upd.sh'
2013-03-09T23:16:00 [Script] rm: cannot remove `/home/ilu/.kde//share/config/ksslcertificatemanager': No such file or directory
2013-03-09T23:16:00 ksslcertificatemanager.upd: !! An error occurred while running 'sh /usr/share/kde4/apps/kconf_update/ksslcertificatemanager.upd.sh'
2013-03-09T23:16:00 Checking update-file '/usr/share/kde4/apps/kconf_update/kio_help.upd' for new updates
2013-03-09T23:16:00 kio_help.upd: Found new update 'kde3_2'
2013-03-09T23:16:00 kio_help.upd: Running script 'move_kio_help_cache.sh'
2013-03-09T23:16:01 [Script] mv: cannot stat `/home/ilu/.kde/share/apps/kio_help/cache': No such file or directory
2013-03-09T23:16:01 [Script] rmdir: failed to remove `/home/ilu/.kde/share/apps/kio_help': No such file or directory
