2013-03-13 10:46:30,404 - ubuntuone.credentials - DEBUG - find_credentials: args (<ubuntuone.platform.credentials.CredentialsManagementTool object at 0xa08fa4c>,), kwargs {}.
2013-03-13 10:46:30,536 - ubuntuone.credentials - INFO - Starting Ubuntu One login manager for bus 'com.ubuntuone.Credentials'.
2013-03-13 10:46:30,538 - ubuntuone.credentials - DEBUG - ref_count is 0, changing value to 1.
2013-03-13 10:46:30,849 - ubuntuone.credentials - DEBUG - Handling DBus signal for member: 'CredentialsNotFound', app_name: dbus.String(u'Ubuntu One').
2013-03-13 10:46:30,849 - ubuntuone.credentials - DEBUG - ref_count is 1, changing value to 0.
2013-03-13 10:46:30,849 - ubuntuone.credentials - DEBUG - Setting up timer with <built-in function timeout_add> (10000, <bound method CredentialsManagement.shutdown of <ubuntuone.platform.credentials.dbus_service.CredentialsManagement at /credentials at 0xa6c7b4c>>).
2013-03-13 10:46:30,849 - ubuntuone.credentials - INFO - CredentialsManagement: emitting CredentialsNotFound.
2013-03-13 10:46:30,849 - ubuntuone.credentials - DEBUG - cleanup: removing signal match <<class 'dbus.connection.SignalMatch'> at 9c4862c "type='signal',sender='com.ubuntuone.Credentials',path='/credentials',interface='com.ubuntuone.CredentialsManagement',member='CredentialsFound'" on conn <dbus._dbus.SessionBus (session) at 0x9d595cc>>
2013-03-13 10:46:30,850 - ubuntuone.credentials - DEBUG - cleanup: removing signal match <<class 'dbus.connection.SignalMatch'> at 9c487ac "type='signal',sender='com.ubuntuone.Credentials',path='/credentials',interface='com.ubuntuone.CredentialsManagement',member='CredentialsNotFound'" on conn <dbus._dbus.SessionBus (session) at 0x9d595cc>>
2013-03-13 10:46:30,850 - ubuntuone.credentials - DEBUG - cleanup: removing signal match <<class 'dbus.connection.SignalMatch'> at 9c4874c "type='signal',sender='com.ubuntuone.Credentials',path='/credentials',interface='com.ubuntuone.CredentialsManagement',member='CredentialsError'" on conn <dbus._dbus.SessionBus (session) at 0x9d595cc>>
2013-03-13 10:46:40,859 - ubuntuone.credentials - DEBUG - shutdown!, ref_count is 0.
2013-03-13 10:46:40,859 - ubuntuone.credentials - INFO - Shutting down, calling <built-in method quit of glib.MainLoop object at 0xb7546730>.
2013-03-14 08:40:58,467 - ubuntuone.credentials - DEBUG - find_credentials: args (<ubuntuone.platform.credentials.CredentialsManagementTool object at 0x96d4a4c>,), kwargs {}.
2013-03-14 08:40:58,664 - ubuntuone.credentials - INFO - Starting Ubuntu One login manager for bus 'com.ubuntuone.Credentials'.
2013-03-14 08:40:58,668 - ubuntuone.credentials - DEBUG - ref_count is 0, changing value to 1.
2013-03-14 08:40:59,027 - ubuntuone.credentials - DEBUG - Handling DBus signal for member: 'CredentialsNotFound', app_name: dbus.String(u'Ubuntu One').
2013-03-14 08:40:59,028 - ubuntuone.credentials - DEBUG - ref_count is 1, changing value to 0.
2013-03-14 08:40:59,028 - ubuntuone.credentials - DEBUG - Setting up timer with <built-in function timeout_add> (10000, <bound method CredentialsManagement.shutdown of <ubuntuone.platform.credentials.dbus_service.CredentialsManagement at /credentials at 0x972fb4c>>).
2013-03-14 08:40:59,028 - ubuntuone.credentials - INFO - CredentialsManagement: emitting CredentialsNotFound.
2013-03-14 08:40:59,029 - ubuntuone.credentials - DEBUG - cleanup: removing signal match <<class 'dbus.connection.SignalMatch'> at 928e62c "type='signal',sender='com.ubuntuone.Credentials',path='/credentials',interface='com.ubuntuone.CredentialsManagement',member='CredentialsFound'" on conn <dbus._dbus.SessionBus (session) at 0x939f5cc>>
2013-03-14 08:40:59,030 - ubuntuone.credentials - DEBUG - cleanup: removing signal match <<class 'dbus.connection.SignalMatch'> at 928e7ac "type='signal',sender='com.ubuntuone.Credentials',path='/credentials',interface='com.ubuntuone.CredentialsManagement',member='CredentialsNotFound'" on conn <dbus._dbus.SessionBus (session) at 0x939f5cc>>
2013-03-14 08:40:59,030 - ubuntuone.credentials - DEBUG - cleanup: removing signal match <<class 'dbus.connection.SignalMatch'> at 928e74c "type='signal',sender='com.ubuntuone.Credentials',path='/credentials',interface='com.ubuntuone.CredentialsManagement',member='CredentialsError'" on conn <dbus._dbus.SessionBus (session) at 0x939f5cc>>
2013-03-14 08:41:09,038 - ubuntuone.credentials - DEBUG - shutdown!, ref_count is 0.
2013-03-14 08:41:09,039 - ubuntuone.credentials - INFO - Shutting down, calling <built-in method quit of glib.MainLoop object at 0xb74b9730>.
2013-03-14 19:08:30,523 - ubuntuone.credentials - DEBUG - find_credentials: args (<ubuntuone.platform.credentials.CredentialsManagementTool object at 0xaa1ba4c>,), kwargs {}.
2013-03-14 19:08:30,704 - ubuntuone.credentials - INFO - Starting Ubuntu One login manager for bus 'com.ubuntuone.Credentials'.
2013-03-14 19:08:30,706 - ubuntuone.credentials - DEBUG - ref_count is 0, changing value to 1.
2013-03-14 19:08:31,936 - ubuntuone.credentials - DEBUG - Handling DBus signal for member: 'CredentialsNotFound', app_name: dbus.String(u'Ubuntu One').
2013-03-14 19:08:31,936 - ubuntuone.credentials - DEBUG - ref_count is 1, changing value to 0.
2013-03-14 19:08:31,936 - ubuntuone.credentials - DEBUG - Setting up timer with <built-in function timeout_add> (10000, <bound method CredentialsManagement.shutdown of <ubuntuone.platform.credentials.dbus_service.CredentialsManagement at /credentials at 0xa68db4c>>).
2013-03-14 19:08:31,936 - ubuntuone.credentials - INFO - CredentialsManagement: emitting CredentialsNotFound.
2013-03-14 19:08:31,937 - ubuntuone.credentials - DEBUG - cleanup: removing signal match <<class 'dbus.connection.SignalMatch'> at a5d462c "type='signal',sender='com.ubuntuone.Credentials',path='/credentials',interface='com.ubuntuone.CredentialsManagement',member='CredentialsFound'" on conn <dbus._dbus.SessionBus (session) at 0xa6e55cc>>
2013-03-14 19:08:31,937 - ubuntuone.credentials - DEBUG - cleanup: removing signal match <<class 'dbus.connection.SignalMatch'> at a5d47ac "type='signal',sender='com.ubuntuone.Credentials',path='/credentials',interface='com.ubuntuone.CredentialsManagement',member='CredentialsNotFound'" on conn <dbus._dbus.SessionBus (session) at 0xa6e55cc>>
2013-03-14 19:08:31,937 - ubuntuone.credentials - DEBUG - cleanup: removing signal match <<class 'dbus.connection.SignalMatch'> at a5d474c "type='signal',sender='com.ubuntuone.Credentials',path='/credentials',interface='com.ubuntuone.CredentialsManagement',member='CredentialsError'" on conn <dbus._dbus.SessionBus (session) at 0xa6e55cc>>
2013-03-14 19:08:41,944 - ubuntuone.credentials - DEBUG - shutdown!, ref_count is 0.
2013-03-14 19:08:41,945 - ubuntuone.credentials - INFO - Shutting down, calling <built-in method quit of glib.MainLoop object at 0xb748c730>.
2013-03-15 08:49:01,423 - ubuntuone.credentials - DEBUG - find_credentials: args (<ubuntuone.platform.credentials.CredentialsManagementTool object at 0xaa06a4c>,), kwargs {}.
2013-03-15 08:49:01,663 - ubuntuone.credentials - INFO - Starting Ubuntu One login manager for bus 'com.ubuntuone.Credentials'.
2013-03-15 08:49:01,899 - ubuntuone.credentials - DEBUG - ref_count is 0, changing value to 1.
2013-03-15 08:49:02,709 - ubuntuone.credentials - DEBUG - Handling DBus signal for member: 'CredentialsNotFound', app_name: dbus.String(u'Ubuntu One').
2013-03-15 08:49:02,710 - ubuntuone.credentials - DEBUG - ref_count is 1, changing value to 0.
2013-03-15 08:49:02,710 - ubuntuone.credentials - DEBUG - Setting up timer with <built-in function timeout_add> (10000, <bound method CredentialsManagement.shutdown of <ubuntuone.platform.credentials.dbus_service.CredentialsManagement at /credentials at 0xa720b4c>>).
2013-03-15 08:49:02,710 - ubuntuone.credentials - INFO - CredentialsManagement: emitting CredentialsNotFound.
2013-03-15 08:49:02,710 - ubuntuone.credentials - DEBUG - cleanup: removing signal match <<class 'dbus.connection.SignalMatch'> at a5c062c "type='signal',sender='com.ubuntuone.Credentials',path='/credentials',interface='com.ubuntuone.CredentialsManagement',member='CredentialsFound'" on conn <dbus._dbus.SessionBus (session) at 0xa6d15cc>>
2013-03-15 08:49:02,710 - ubuntuone.credentials - DEBUG - cleanup: removing signal match <<class 'dbus.connection.SignalMatch'> at a5c07ac "type='signal',sender='com.ubuntuone.Credentials',path='/credentials',interface='com.ubuntuone.CredentialsManagement',member='CredentialsNotFound'" on conn <dbus._dbus.SessionBus (session) at 0xa6d15cc>>
2013-03-15 08:49:02,711 - ubuntuone.credentials - DEBUG - cleanup: removing signal match <<class 'dbus.connection.SignalMatch'> at a5c074c "type='signal',sender='com.ubuntuone.Credentials',path='/credentials',interface='com.ubuntuone.CredentialsManagement',member='CredentialsError'" on conn <dbus._dbus.SessionBus (session) at 0xa6d15cc>>
2013-03-15 08:49:12,720 - ubuntuone.credentials - DEBUG - shutdown!, ref_count is 0.
2013-03-15 08:49:12,720 - ubuntuone.credentials - INFO - Shutting down, calling <built-in method quit of glib.MainLoop object at 0xb755f730>.
